# JRE version: Java(TM) SE Runtime Environment (8.0_172-b11) (build 1.8.0_172-b11)
# Java VM: GraalVM 1.0.0-rc7 (25.71-b01-internal-jvmci-0.48 mixed mode linux-amd64 compressed oops)
Heap:
 PSYoungGen      total 472576K, used 7993K [0x000000076f900000, 0x000000078d600000, 0x00000007c0000000)
  eden space 457728K, 0% used [0x000000076f900000,0x000000076f900000,0x000000078b800000)
  from space 14848K, 53% used [0x000000078b800000,0x000000078bfce6f8,0x000000078c680000)
  to   space 15360K, 0% used [0x000000078c680000,0x000000078c680000,0x000000078d580000)
 ParOldGen       total 169472K, used 16242K [0x00000006cea00000, 0x00000006d8f80000, 0x000000076f900000)
  object space 169472K, 9% used [0x00000006cea00000,0x00000006cf9dc8f0,0x00000006d8f80000)
 Metaspace       used 38858K, capacity 40500K, committed 40704K, reserved 1085440K
  class space    used 5049K, capacity 5308K, committed 5376K, reserved 1048576K
GC Heap History (10 events):
Event: 6,997 GC heap after
Heap after GC invocations=16 (full 2):
 PSYoungGen      total 318464K, used 7314K [0x000000076f900000, 0x0000000784200000, 0x00000007c0000000)
  eden space 307200K, 0% used [0x000000076f900000,0x000000076f900000,0x0000000782500000)
  from space 11264K, 64% used [0x0000000783700000,0x0000000783e248f8,0x0000000784200000)
  to   space 14848K, 0% used [0x0000000782500000,0x0000000782500000,0x0000000783380000)
 ParOldGen       total 169472K, used 16210K [0x00000006cea00000, 0x00000006d8f80000, 0x000000076f900000)
  object space 169472K, 9% used [0x00000006cea00000,0x00000006cf9d48f0,0x00000006d8f80000)
 Metaspace       used 34960K, capacity 36334K, committed 36480K, reserved 1081344K
  class space    used 4671K, capacity 4904K, committed 4992K, reserved 1048576K
}
Event: 7,587 GC heap before
{Heap before GC invocations=17 (full 2):
 PSYoungGen      total 318464K, used 314514K [0x000000076f900000, 0x0000000784200000, 0x00000007c0000000)
  eden space 307200K, 100% used [0x000000076f900000,0x0000000782500000,0x0000000782500000)
  from space 11264K, 64% used [0x0000000783700000,0x0000000783e248f8,0x0000000784200000)
  to   space 14848K, 0% used [0x0000000782500000,0x0000000782500000,0x0000000783380000)
 ParOldGen       total 169472K, used 16210K [0x00000006cea00000, 0x00000006d8f80000, 0x000000076f900000)
  object space 169472K, 9% used [0x00000006cea00000,0x00000006cf9d48f0,0x00000006d8f80000)
 Metaspace       used 35391K, capacity 36932K, committed 36992K, reserved 1081344K
  class space    used 4713K, capacity 4981K, committed 4992K, reserved 1048576K
Event: 7,592 GC heap after
Heap after GC invocations=17 (full 2):
 PSYoungGen      total 322048K, used 3646K [0x000000076f900000, 0x0000000789b00000, 0x00000007c0000000)
  eden space 307200K, 0% used [0x000000076f900000,0x000000076f900000,0x0000000782500000)
  from space 14848K, 24% used [0x0000000782500000,0x000000078288fbd8,0x0000000783380000)
  to   space 14848K, 0% used [0x0000000788c80000,0x0000000788c80000,0x0000000789b00000)
 ParOldGen       total 169472K, used 16218K [0x00000006cea00000, 0x00000006d8f80000, 0x000000076f900000)
  object space 169472K, 9% used [0x00000006cea00000,0x00000006cf9d68f0,0x00000006d8f80000)
 Metaspace       used 35391K, capacity 36932K, committed 36992K, reserved 1081344K
  class space    used 4713K, capacity 4981K, committed 4992K, reserved 1048576K
}
Event: 8,533 GC heap before
{Heap before GC invocations=18 (full 2):
 PSYoungGen      total 322048K, used 310846K [0x000000076f900000, 0x0000000789b00000, 0x00000007c0000000)
  eden space 307200K, 100% used [0x000000076f900000,0x0000000782500000,0x0000000782500000)
  from space 14848K, 24% used [0x0000000782500000,0x000000078288fbd8,0x0000000783380000)
  to   space 14848K, 0% used [0x0000000788c80000,0x0000000788c80000,0x0000000789b00000)
 ParOldGen       total 169472K, used 16218K [0x00000006cea00000, 0x00000006d8f80000, 0x000000076f900000)
  object space 169472K, 9% used [0x00000006cea00000,0x00000006cf9d68f0,0x00000006d8f80000)
 Metaspace       used 37972K, capacity 39616K, committed 39936K, reserved 1083392K
  class space    used 4997K, capacity 5272K, committed 5376K, reserved 1048576K
Event: 8,541 GC heap after
Heap after GC invocations=18 (full 2):
 PSYoungGen      total 396288K, used 7464K [0x000000076f900000, 0x0000000789400000, 0x00000007c0000000)
  eden space 388608K, 0% used [0x000000076f900000,0x000000076f900000,0x0000000787480000)
  from space 7680K, 97% used [0x0000000788c80000,0x00000007893ca350,0x0000000789400000)
  to   space 14336K, 0% used [0x0000000787800000,0x0000000787800000,0x0000000788600000)
 ParOldGen       total 169472K, used 16226K [0x00000006cea00000, 0x00000006d8f80000, 0x000000076f900000)
  object space 169472K, 9% used [0x00000006cea00000,0x00000006cf9d88f0,0x00000006d8f80000)
 Metaspace       used 37972K, capacity 39616K, committed 39936K, reserved 1083392K
  class space    used 4997K, capacity 5272K, committed 5376K, reserved 1048576K
}
Event: 9,292 GC heap before
{Heap before GC invocations=19 (full 2):
 PSYoungGen      total 396288K, used 396072K [0x000000076f900000, 0x0000000789400000, 0x00000007c0000000)
  eden space 388608K, 100% used [0x000000076f900000,0x0000000787480000,0x0000000787480000)
  from space 7680K, 97% used [0x0000000788c80000,0x00000007893ca350,0x0000000789400000)
  to   space 14336K, 0% used [0x0000000787800000,0x0000000787800000,0x0000000788600000)
 ParOldGen       total 169472K, used 16226K [0x00000006cea00000, 0x00000006d8f80000, 0x000000076f900000)
  object space 169472K, 9% used [0x00000006cea00000,0x00000006cf9d88f0,0x00000006d8f80000)
 Metaspace       used 38117K, capacity 39750K, committed 39936K, reserved 1083392K
  class space    used 5004K, capacity 5273K, committed 5376K, reserved 1048576K
Event: 9,310 GC heap after
Heap after GC invocations=19 (full 2):
 PSYoungGen      total 406528K, used 12238K [0x000000076f900000, 0x000000078d580000, 0x00000007c0000000)
  eden space 392192K, 0% used [0x000000076f900000,0x000000076f900000,0x0000000787800000)
  from space 14336K, 85% used [0x0000000787800000,0x00000007883f3b60,0x0000000788600000)
  to   space 15360K, 0% used [0x000000078c680000,0x000000078c680000,0x000000078d580000)
 ParOldGen       total 169472K, used 16234K [0x00000006cea00000, 0x00000006d8f80000, 0x000000076f900000)
  object space 169472K, 9% used [0x00000006cea00000,0x00000006cf9da8f0,0x00000006d8f80000)
 Metaspace       used 38117K, capacity 39750K, committed 39936K, reserved 1083392K
  class space    used 5004K, capacity 5273K, committed 5376K, reserved 1048576K
}
Event: 10,595 GC heap before
{Heap before GC invocations=20 (full 2):
 PSYoungGen      total 406528K, used 404430K [0x000000076f900000, 0x000000078d580000, 0x00000007c0000000)
  eden space 392192K, 100% used [0x000000076f900000,0x0000000787800000,0x0000000787800000)
  from space 14336K, 85% used [0x0000000787800000,0x00000007883f3b60,0x0000000788600000)
  to   space 15360K, 0% used [0x000000078c680000,0x000000078c680000,0x000000078d580000)
 ParOldGen       total 169472K, used 16234K [0x00000006cea00000, 0x00000006d8f80000, 0x000000076f900000)
  object space 169472K, 9% used [0x00000006cea00000,0x00000006cf9da8f0,0x00000006d8f80000)
 Metaspace       used 38752K, capacity 40430K, committed 40704K, reserved 1085440K
  class space    used 5047K, capacity 5307K, committed 5376K, reserved 1048576K
Event: 10,641 GC heap after
Heap after GC invocations=20 (full 2):
 PSYoungGen      total 473088K, used 6984K [0x000000076f900000, 0x000000078d600000, 0x00000007c0000000)
  eden space 457728K, 0% used [0x000000076f900000,0x000000076f900000,0x000000078b800000)
  from space 15360K, 45% used [0x000000078c680000,0x000000078cd52378,0x000000078d580000)
  to   space 14848K, 0% used [0x000000078b800000,0x000000078b800000,0x000000078c680000)
 ParOldGen       total 169472K, used 16242K [0x00000006cea00000, 0x00000006d8f80000, 0x000000076f900000)
  object space 169472K, 9% used [0x00000006cea00000,0x00000006cf9dc8f0,0x00000006d8f80000)
 Metaspace       used 38752K, capacity 40430K, committed 40704K, reserved 1085440K
  class space    used 5047K, capacity 5307K, committed 5376K, reserved 1048576K
}
Event: 12,933 GC heap before
{Heap before GC invocations=21 (full 2):
 PSYoungGen      total 473088K, used 464712K [0x000000076f900000, 0x000000078d600000, 0x00000007c0000000)
  eden space 457728K, 100% used [0x000000076f900000,0x000000078b800000,0x000000078b800000)
  from space 15360K, 45% used [0x000000078c680000,0x000000078cd52378,0x000000078d580000)
  to   space 14848K, 0% used [0x000000078b800000,0x000000078b800000,0x000000078c680000)
 ParOldGen       total 169472K, used 16242K [0x00000006cea00000, 0x00000006d8f80000, 0x000000076f900000)
  object space 169472K, 9% used [0x00000006cea00000,0x00000006cf9dc8f0,0x00000006d8f80000)
 Metaspace       used 38858K, capacity 40500K, committed 40704K, reserved 1085440K
  class space    used 5049K, capacity 5308K, committed 5376K, reserved 1048576K

